2020-02-22 17:20:37,277 - DEBUG - selector_events.py - __init__ - 65 - Using selector: SelectSelector
2020-02-22 17:22:55,137 - DEBUG - selector_events.py - __init__ - 65 - Using selector: SelectSelector
2020-02-22 17:23:32,187 - DEBUG - selector_events.py - __init__ - 65 - Using selector: SelectSelector
2020-02-22 17:25:37,807 - WARNING - iostream.py - _do_ssl_handshake - 1407 - SSL Error on 1200 ('::1', 14230, 0, 0): [SSL: SSLV3_ALERT_CERTIFICATE_UNKNOWN] sslv3 alert certificate unknown (_ssl.c:847)
2020-02-22 17:25:38,235 - WARNING - iostream.py - _do_ssl_handshake - 1407 - SSL Error on 972 ('::1', 14232, 0, 0): [SSL: SSLV3_ALERT_CERTIFICATE_UNKNOWN] sslv3 alert certificate unknown (_ssl.c:847)
2020-02-22 17:25:41,222 - WARNING - iostream.py - _do_ssl_handshake - 1407 - SSL Error on 1200 ('::1', 14234, 0, 0): [SSL: SSLV3_ALERT_CERTIFICATE_UNKNOWN] sslv3 alert certificate unknown (_ssl.c:847)
2020-02-22 17:25:41,239 - INFO - wsgi.py - _log - 196 - 200 GET / (::1) 4.96ms
2020-02-22 17:25:41,302 - WARNING - wsgi.py - _log - 196 - 404 GET /favicon.ico (::1) 4.02ms
2020-02-22 17:26:01,271 - DEBUG - Flask.py - index - 72 - index page
2020-02-22 17:26:01,272 - DEBUG - Flask.py - index - 73 - cookie name None
2020-02-22 17:26:01,273 - WARNING - Flask.py - index - 80 - you are not logged in
2020-02-22 17:26:01,280 - INFO - wsgi.py - _log - 196 - 200 GET /index (::1) 8.98ms
2020-02-22 17:26:01,302 - WARNING - iostream.py - _do_ssl_handshake - 1407 - SSL Error on 1220 ('::1', 14249, 0, 0): [SSL: SSLV3_ALERT_CERTIFICATE_UNKNOWN] sslv3 alert certificate unknown (_ssl.c:847)
2020-02-22 17:26:01,353 - INFO - wsgi.py - _log - 196 - 200 GET /static/css/effect.css (::1) 3.95ms
2020-02-22 17:26:01,354 - WARNING - iostream.py - _do_ssl_handshake - 1407 - SSL Error on 1120 ('::1', 14252, 0, 0): [SSL: SSLV3_ALERT_CERTIFICATE_UNKNOWN] sslv3 alert certificate unknown (_ssl.c:847)
2020-02-22 17:26:01,356 - WARNING - iostream.py - _do_ssl_handshake - 1407 - SSL Error on 1088 ('::1', 14254, 0, 0): [SSL: SSLV3_ALERT_CERTIFICATE_UNKNOWN] sslv3 alert certificate unknown (_ssl.c:847)
2020-02-22 17:26:01,357 - WARNING - iostream.py - _do_ssl_handshake - 1407 - SSL Error on 1216 ('::1', 14255, 0, 0): [SSL: SSLV3_ALERT_CERTIFICATE_UNKNOWN] sslv3 alert certificate unknown (_ssl.c:847)
2020-02-22 17:26:01,358 - WARNING - iostream.py - _do_ssl_handshake - 1407 - SSL Error on 1220 ('::1', 14251, 0, 0): [SSL: SSLV3_ALERT_CERTIFICATE_UNKNOWN] sslv3 alert certificate unknown (_ssl.c:847)
2020-02-22 17:26:01,363 - WARNING - iostream.py - _do_ssl_handshake - 1407 - SSL Error on 972 ('::1', 14253, 0, 0): [SSL: SSLV3_ALERT_CERTIFICATE_UNKNOWN] sslv3 alert certificate unknown (_ssl.c:847)
2020-02-22 17:26:01,377 - INFO - wsgi.py - _log - 196 - 200 GET /static/css/jquery-ui.min.css (::1) 2.02ms
2020-02-22 17:26:01,414 - INFO - wsgi.py - _log - 196 - 200 GET /static/js/adapter-latest.js (::1) 3.99ms
2020-02-22 17:26:01,417 - WARNING - iostream.py - _do_ssl_handshake - 1407 - SSL Error on 1216 ('::1', 14257, 0, 0): [SSL: SSLV3_ALERT_CERTIFICATE_UNKNOWN] sslv3 alert certificate unknown (_ssl.c:847)
2020-02-22 17:26:01,419 - WARNING - iostream.py - _do_ssl_handshake - 1407 - SSL Error on 1088 ('::1', 14258, 0, 0): [SSL: SSLV3_ALERT_CERTIFICATE_UNKNOWN] sslv3 alert certificate unknown (_ssl.c:847)
2020-02-22 17:26:01,421 - WARNING - iostream.py - _do_ssl_handshake - 1407 - SSL Error on 1220 ('::1', 14256, 0, 0): [SSL: SSLV3_ALERT_CERTIFICATE_UNKNOWN] sslv3 alert certificate unknown (_ssl.c:847)
2020-02-22 17:26:01,423 - WARNING - iostream.py - _do_ssl_handshake - 1407 - SSL Error on 936 ('::1', 14259, 0, 0): [SSL: SSLV3_ALERT_CERTIFICATE_UNKNOWN] sslv3 alert certificate unknown (_ssl.c:847)
2020-02-22 17:26:01,428 - WARNING - iostream.py - _do_ssl_handshake - 1407 - SSL Error on 1224 ('::1', 14260, 0, 0): [SSL: SSLV3_ALERT_CERTIFICATE_UNKNOWN] sslv3 alert certificate unknown (_ssl.c:847)
2020-02-22 17:26:01,438 - INFO - wsgi.py - _log - 196 - 200 GET /static/js/vue/vue.js (::1) 5.95ms
2020-02-22 17:26:01,476 - INFO - wsgi.py - _log - 196 - 200 GET /static/js/cookie_tools.js (::1) 1.99ms
2020-02-22 17:26:01,477 - WARNING - iostream.py - _do_ssl_handshake - 1407 - SSL Error on 1216 ('::1', 14263, 0, 0): [SSL: SSLV3_ALERT_CERTIFICATE_UNKNOWN] sslv3 alert certificate unknown (_ssl.c:847)
2020-02-22 17:26:01,489 - WARNING - iostream.py - _do_ssl_handshake - 1407 - SSL Error on 1220 ('::1', 14262, 0, 0): [SSL: SSLV3_ALERT_CERTIFICATE_UNKNOWN] sslv3 alert certificate unknown (_ssl.c:847)
2020-02-22 17:26:01,491 - WARNING - iostream.py - _do_ssl_handshake - 1407 - SSL Error on 1236 ('::1', 14265, 0, 0): [SSL: SSLV3_ALERT_CERTIFICATE_UNKNOWN] sslv3 alert certificate unknown (_ssl.c:847)
2020-02-22 17:26:01,492 - WARNING - iostream.py - _do_ssl_handshake - 1407 - SSL Error on 936 ('::1', 14261, 0, 0): [SSL: SSLV3_ALERT_CERTIFICATE_UNKNOWN] sslv3 alert certificate unknown (_ssl.c:847)
2020-02-22 17:26:01,500 - WARNING - iostream.py - _do_ssl_handshake - 1407 - SSL Error on 1228 ('::1', 14264, 0, 0): [SSL: SSLV3_ALERT_CERTIFICATE_UNKNOWN] sslv3 alert certificate unknown (_ssl.c:847)
2020-02-22 17:26:01,510 - INFO - wsgi.py - _log - 196 - 200 GET /static/js/sdk/star_rtc_lib.min.js (::1) 2.03ms
2020-02-22 17:26:01,541 - INFO - wsgi.py - _log - 196 - 200 GET /static/js/index.js (::1) 2.99ms
2020-02-22 17:26:01,550 - INFO - wsgi.py - _log - 196 - 200 GET /static/js/jquery-3.2.1.min.js (::1) 3.99ms
2020-02-22 17:26:01,561 - INFO - wsgi.py - _log - 196 - 200 GET /static/js/jquery-ui.min.js (::1) 2.99ms
2020-02-22 17:26:01,568 - INFO - wsgi.py - _log - 196 - 200 GET /static/js/msg_box_plugin.js (::1) 4.97ms
2020-02-22 17:26:01,580 - INFO - wsgi.py - _log - 196 - 200 GET /static/js/sdk/star_rtc_video.min.js (::1) 3.99ms
2020-02-22 17:26:01,617 - INFO - wsgi.py - _log - 196 - 200 GET /static/images/user.png (::1) 4.98ms
2020-02-22 17:26:01,622 - INFO - wsgi.py - _log - 196 - 200 GET /static/images/bg.jpg (::1) 2.99ms
2020-02-22 17:26:12,108 - INFO - wsgi.py - _log - 196 - 200 GET /static/css/jquery-ui.min.css (::1) 3.99ms
2020-02-22 17:26:12,115 - INFO - wsgi.py - _log - 196 - 200 GET /static/css/effect.css (::1) 4.99ms
2020-02-22 17:29:56,100 - DEBUG - selector_events.py - __init__ - 65 - Using selector: SelectSelector
2020-02-22 17:30:03,301 - WARNING - iostream.py - _do_ssl_handshake - 1407 - SSL Error on 892 ('::1', 14444, 0, 0): [SSL: SSLV3_ALERT_CERTIFICATE_UNKNOWN] sslv3 alert certificate unknown (_ssl.c:847)
2020-02-22 17:30:03,303 - WARNING - iostream.py - _do_ssl_handshake - 1407 - SSL Error on 924 ('::1', 14443, 0, 0): [SSL: SSLV3_ALERT_CERTIFICATE_UNKNOWN] sslv3 alert certificate unknown (_ssl.c:847)
2020-02-22 17:30:03,327 - DEBUG - Flask.py - index - 72 - index page
2020-02-22 17:30:03,331 - DEBUG - Flask.py - index - 73 - cookie name None
2020-02-22 17:30:03,333 - WARNING - Flask.py - index - 80 - you are not logged in
2020-02-22 17:30:03,340 - INFO - wsgi.py - _log - 196 - 200 GET /index (::1) 14.96ms
2020-02-22 17:31:08,239 - DEBUG - selector_events.py - __init__ - 65 - Using selector: SelectSelector
2020-02-22 17:31:22,595 - WARNING - iostream.py - _do_ssl_handshake - 1407 - SSL Error on 1176 ('::1', 14495, 0, 0): [SSL: SSLV3_ALERT_CERTIFICATE_UNKNOWN] sslv3 alert certificate unknown (_ssl.c:847)
2020-02-22 17:31:22,596 - WARNING - iostream.py - _do_ssl_handshake - 1407 - SSL Error on 1180 ('::1', 14496, 0, 0): [SSL: SSLV3_ALERT_CERTIFICATE_UNKNOWN] sslv3 alert certificate unknown (_ssl.c:847)
2020-02-22 17:31:22,620 - DEBUG - Flask.py - index - 72 - index page
2020-02-22 17:31:22,627 - DEBUG - Flask.py - index - 73 - cookie name None
2020-02-22 17:31:22,629 - WARNING - Flask.py - index - 80 - you are not logged in
2020-02-22 17:31:22,635 - INFO - wsgi.py - _log - 196 - 200 GET /index (::1) 17.99ms
2020-02-22 17:31:22,660 - INFO - wsgi.py - _log - 196 - 200 GET /static/css/effect.css (::1) 3.02ms
2020-02-22 17:31:22,680 - INFO - wsgi.py - _log - 196 - 200 GET /static/css/jquery-ui.min.css (::1) 3.99ms
2020-02-22 17:31:22,681 - WARNING - iostream.py - _do_ssl_handshake - 1407 - SSL Error on 1192 ('::1', 14498, 0, 0): [SSL: SSLV3_ALERT_CERTIFICATE_UNKNOWN] sslv3 alert certificate unknown (_ssl.c:847)
2020-02-22 17:31:23,863 - DEBUG - Flask.py - index - 72 - index page
2020-02-22 17:31:23,864 - DEBUG - Flask.py - index - 73 - cookie name None
2020-02-22 17:31:23,865 - WARNING - Flask.py - index - 80 - you are not logged in
2020-02-22 17:31:23,868 - INFO - wsgi.py - _log - 196 - 200 GET /index (::1) 5.17ms
2020-02-22 17:31:23,886 - WARNING - iostream.py - _do_ssl_handshake - 1407 - SSL Error on 1204 ('::1', 14500, 0, 0): [SSL: SSLV3_ALERT_CERTIFICATE_UNKNOWN] sslv3 alert certificate unknown (_ssl.c:847)
2020-02-22 17:31:23,914 - INFO - wsgi.py - _log - 196 - 200 GET /static/css/effect.css (::1) 3.99ms
2020-02-22 17:31:23,916 - WARNING - iostream.py - _do_ssl_handshake - 1407 - SSL Error on 1204 ('::1', 14501, 0, 0): [SSL: SSLV3_ALERT_CERTIFICATE_UNKNOWN] sslv3 alert certificate unknown (_ssl.c:847)
2020-02-22 17:31:23,932 - INFO - wsgi.py - _log - 196 - 200 GET /static/css/jquery-ui.min.css (::1) 1.99ms
2020-02-22 17:31:58,938 - DEBUG - Flask.py - index - 72 - index page
2020-02-22 17:31:58,940 - DEBUG - Flask.py - index - 73 - cookie name None
2020-02-22 17:31:58,940 - WARNING - Flask.py - index - 80 - you are not logged in
2020-02-22 17:31:58,943 - INFO - wsgi.py - _log - 196 - 200 GET /index (::1) 6.98ms
2020-02-22 17:31:58,965 - INFO - wsgi.py - _log - 196 - 200 GET /static/css/effect.css (::1) 3.99ms
2020-02-22 17:31:58,977 - INFO - wsgi.py - _log - 196 - 200 GET /static/css/jquery-ui.min.css (::1) 2.99ms
2020-02-22 17:31:59,001 - INFO - wsgi.py - _log - 196 - 200 GET /static/js/adapter-latest.js (::1) 0.00ms
2020-02-22 17:31:59,016 - INFO - wsgi.py - _log - 196 - 200 GET /static/js/jquery-3.2.1.min.js (::1) 0.00ms
2020-02-22 17:31:59,016 - INFO - wsgi.py - _log - 196 - 200 GET /static/js/vue/vue.js (::1) 0.00ms
2020-02-22 17:31:59,066 - INFO - wsgi.py - _log - 196 - 200 GET /static/js/index.js (::1) 1.99ms
2020-02-22 17:31:59,076 - INFO - wsgi.py - _log - 196 - 200 GET /static/js/jquery-ui.min.js (::1) 3.99ms
2020-02-22 17:31:59,094 - INFO - wsgi.py - _log - 196 - 200 GET /static/js/cookie_tools.js (::1) 2.99ms
2020-02-22 17:31:59,099 - INFO - wsgi.py - _log - 196 - 200 GET /static/js/msg_box_plugin.js (::1) 1.99ms
2020-02-22 17:31:59,103 - INFO - wsgi.py - _log - 196 - 200 GET /static/js/sdk/star_rtc_lib.min.js (::1) 2.99ms
2020-02-22 17:31:59,106 - INFO - wsgi.py - _log - 196 - 200 GET /static/js/sdk/star_rtc_video.min.js (::1) 1.99ms
2020-02-22 17:31:59,147 - INFO - wsgi.py - _log - 196 - 200 GET /static/images/user.png (::1) 1.99ms
2020-02-22 17:31:59,152 - INFO - wsgi.py - _log - 196 - 200 GET /static/images/bg.jpg (::1) 3.99ms
2020-02-22 17:31:59,280 - WARNING - wsgi.py - _log - 196 - 404 GET /favicon.ico (::1) 1.99ms
2020-02-22 17:32:06,239 - INFO - wsgi.py - _log - 196 - 200 GET /static/css/effect.css (::1) 4.98ms
2020-02-22 17:32:06,247 - INFO - wsgi.py - _log - 196 - 200 GET /static/css/jquery-ui.min.css (::1) 5.98ms
2020-02-22 17:36:18,218 - DEBUG - selector_events.py - __init__ - 65 - Using selector: SelectSelector
2020-02-22 17:38:05,103 - INFO - Flask.py - test - 85 - test page
2020-02-22 17:38:05,108 - INFO - wsgi.py - _log - 196 - 200 GET /test (::1) 7.01ms
2020-02-22 17:40:25,847 - DEBUG - selector_events.py - __init__ - 65 - Using selector: SelectSelector
2020-02-22 17:40:27,118 - INFO - Flask.py - test - 85 - test page
2020-02-22 17:40:27,124 - INFO - wsgi.py - _log - 196 - 200 GET /test (::1) 7.97ms
2020-02-22 17:41:02,759 - INFO - Flask.py - test - 85 - test page
2020-02-22 17:41:02,762 - INFO - wsgi.py - _log - 196 - 200 GET /test (::1) 4.00ms
2020-02-22 17:41:02,779 - INFO - wsgi.py - _log - 196 - 200 GET /static/js/jquery-3.2.1.min.js (::1) 4.99ms
2020-02-22 17:41:02,895 - WARNING - wsgi.py - _log - 196 - 404 GET /favicon.ico (::1) 2.00ms
2020-02-22 17:43:33,145 - INFO - Flask.py - test - 85 - test page
2020-02-22 17:43:33,149 - INFO - wsgi.py - _log - 196 - 200 GET /test (::1) 3.00ms
2020-02-22 17:43:33,174 - INFO - wsgi.py - _log - 196 - 200 GET /static/js/jquery-3.2.1.min.js (::1) 5.98ms
2020-02-22 17:46:35,013 - WARNING - web.py - log_request - 2246 - 400 GET / (192.168.1.8) 2.00ms
2020-02-22 17:46:35,014 - DEBUG - websocket.py - get - 240 - Can "Upgrade" only to "WebSocket".
2020-02-22 17:46:35,065 - WARNING - web.py - log_request - 2246 - 404 GET /favicon.ico (192.168.1.8) 2.99ms
2020-02-22 17:46:43,131 - INFO - Flask.py - test - 85 - test page
2020-02-22 17:46:43,136 - INFO - wsgi.py - _log - 196 - 200 GET /test (::1) 3.99ms
2020-02-22 17:46:43,160 - INFO - wsgi.py - _log - 196 - 200 GET /static/js/jquery-3.2.1.min.js (::1) 4.99ms
2020-02-22 17:46:46,364 - INFO - web.py - log_request - 2246 - 101 GET / (192.168.1.8) 1.99ms
2020-02-22 17:46:46,366 - INFO - Flask.py - open - 131 - client connect <__main__.webRTCServer object at 0x000001AB09643A58>
2020-02-22 17:46:51,073 - INFO - Flask.py - on_message - 138 - {"msgType":"signin","msgFrom":"123123","msgTo":null,"msgData":null}
2020-02-22 17:46:54,613 - INFO - Flask.py - on_message - 138 - {"msgtype":"getUserList","msgFrom":"123123","msgTo":null,"msgData":null}
2020-02-22 17:47:06,426 - WARNING - wsgi.py - _log - 196 - 404 GET /favicon.ico (::1) 3.00ms
2020-02-22 17:47:07,412 - INFO - Flask.py - test - 85 - test page
2020-02-22 17:47:07,415 - INFO - wsgi.py - _log - 196 - 200 GET /test (::1) 4.00ms
2020-02-22 17:47:07,436 - INFO - wsgi.py - _log - 196 - 200 GET /static/js/jquery-3.2.1.min.js (::1) 4.99ms
2020-02-22 17:47:12,640 - INFO - web.py - log_request - 2246 - 101 GET / (192.168.1.8) 1.01ms
2020-02-22 17:47:12,641 - INFO - Flask.py - open - 131 - client connect <__main__.webRTCServer object at 0x000001AB096205C0>
2020-02-22 17:47:18,179 - INFO - Flask.py - on_message - 138 - {"msgType":"signin","msgFrom":"4564564","msgTo":null,"msgData":null}
2020-02-22 17:47:42,676 - INFO - Flask.py - on_message - 138 - {"msgtype":"getUserList","msgFrom":"4564564","msgTo":null,"msgData":null}
2020-02-22 17:47:44,794 - INFO - Flask.py - on_message - 138 - {"msgtype":"getUserList","msgFrom":"4564564","msgTo":null,"msgData":null}
2020-02-22 17:48:05,459 - INFO - Flask.py - on_message - 138 - {"msgtype":"getUserList","msgFrom":"4564564","msgTo":null,"msgData":null}
2020-02-22 17:48:15,598 - INFO - Flask.py - on_message - 138 - {"msgtype":"getUserList","msgFrom":"123123","msgTo":null,"msgData":null}
2020-02-22 17:48:17,109 - INFO - Flask.py - on_message - 138 - {"msgtype":"getUserList","msgFrom":"123123","msgTo":null,"msgData":null}
2020-02-22 17:48:17,588 - INFO - Flask.py - on_message - 138 - {"msgtype":"getUserList","msgFrom":"123123","msgTo":null,"msgData":null}
2020-02-22 17:48:17,769 - INFO - Flask.py - on_message - 138 - {"msgtype":"getUserList","msgFrom":"123123","msgTo":null,"msgData":null}
2020-02-22 17:48:17,922 - INFO - Flask.py - on_message - 138 - {"msgtype":"getUserList","msgFrom":"123123","msgTo":null,"msgData":null}
2020-02-22 17:48:18,104 - INFO - Flask.py - on_message - 138 - {"msgtype":"getUserList","msgFrom":"123123","msgTo":null,"msgData":null}
2020-02-22 17:48:18,269 - INFO - Flask.py - on_message - 138 - {"msgtype":"getUserList","msgFrom":"123123","msgTo":null,"msgData":null}
2020-02-22 17:49:13,997 - INFO - Flask.py - on_message - 138 - {"msgtype":"getUserList","msgFrom":"123123","msgTo":null,"msgData":null}
2020-02-22 17:49:51,895 - INFO - Flask.py - on_message - 138 - {"msgType":"signin","msgFrom":"123123","msgTo":null,"msgData":null}
2020-02-22 17:50:02,407 - INFO - Flask.py - on_message - 138 - {"msgtype":"getUserList","msgFrom":"123123","msgTo":null,"msgData":null}
2020-02-22 17:51:58,887 - INFO - Flask.py - on_message - 138 - {"msgType":"signin","msgFrom":"123123","msgTo":null,"msgData":null}
2020-02-22 17:52:15,234 - INFO - Flask.py - on_message - 138 - {"msgtype":"getUserList","msgFrom":"123123","msgTo":null,"msgData":null}
2020-02-22 17:56:56,232 - DEBUG - selector_events.py - __init__ - 65 - Using selector: SelectSelector
2020-02-22 17:57:01,975 - WARNING - iostream.py - _do_ssl_handshake - 1407 - SSL Error on 928 ('::1', 16994, 0, 0): [SSL: SSLV3_ALERT_CERTIFICATE_UNKNOWN] sslv3 alert certificate unknown (_ssl.c:847)
2020-02-22 17:57:01,977 - WARNING - iostream.py - _do_ssl_handshake - 1407 - SSL Error on 1100 ('::1', 16993, 0, 0): [SSL: SSLV3_ALERT_CERTIFICATE_UNKNOWN] sslv3 alert certificate unknown (_ssl.c:847)
2020-02-22 17:57:01,993 - INFO - Flask.py - test - 85 - test page
2020-02-22 17:57:01,998 - INFO - wsgi.py - _log - 196 - 200 GET /test (::1) 6.98ms
2020-02-22 17:57:08,451 - WARNING - iostream.py - _do_ssl_handshake - 1407 - SSL Error on 1104 ('192.168.1.8', 17012): [SSL: SSLV3_ALERT_CERTIFICATE_UNKNOWN] sslv3 alert certificate unknown (_ssl.c:847)
2020-02-22 17:57:18,575 - INFO - Flask.py - test - 85 - test page
2020-02-22 17:57:18,579 - INFO - wsgi.py - _log - 196 - 200 GET /test (::1) 4.99ms
2020-02-22 17:57:20,305 - INFO - web.py - log_request - 2246 - 101 GET / (192.168.1.8) 2.03ms
2020-02-22 17:57:20,306 - INFO - Flask.py - open - 131 - client connect <__main__.webRTCServer object at 0x000001E13434BE10>
2020-02-22 17:57:27,000 - INFO - Flask.py - on_message - 138 - {"msgType":"signin","msgFrom":"123123","msgTo":null,"msgData":null}
2020-02-22 17:57:53,134 - INFO - Flask.py - on_message - 138 - {"msgtype":"getUserList","msgFrom":"123123","msgTo":null,"msgData":null}
2020-02-22 17:59:12,929 - DEBUG - selector_events.py - __init__ - 65 - Using selector: SelectSelector
2020-02-22 17:59:17,202 - INFO - Flask.py - test - 85 - test page
2020-02-22 17:59:17,208 - INFO - wsgi.py - _log - 196 - 200 GET /test (::1) 7.95ms
2020-02-22 17:59:19,152 - INFO - web.py - log_request - 2246 - 101 GET / (192.168.1.8) 2.02ms
2020-02-22 17:59:19,153 - INFO - Flask.py - open - 131 - client connect <__main__.webRTCServer object at 0x000001E3DD530B00>
2020-02-22 18:00:04,705 - INFO - Flask.py - on_message - 138 - {"msgType":"getUserList","msgFrom":"123123","msgTo":null,"msgData":null}
2020-02-22 18:01:05,878 - DEBUG - selector_events.py - __init__ - 65 - Using selector: SelectSelector
2020-02-22 18:01:12,184 - INFO - Flask.py - test - 85 - test page
2020-02-22 18:01:12,191 - INFO - wsgi.py - _log - 196 - 200 GET /test (::1) 7.95ms
2020-02-22 18:01:15,655 - INFO - web.py - log_request - 2246 - 101 GET / (192.168.1.8) 0.27ms
2020-02-22 18:01:15,659 - INFO - Flask.py - open - 131 - client connect <__main__.webRTCServer object at 0x000001D278C3CA90>
2020-02-22 18:03:15,412 - DEBUG - selector_events.py - __init__ - 65 - Using selector: SelectSelector
2020-02-22 18:03:18,074 - INFO - Flask.py - test - 85 - test page
2020-02-22 18:03:18,079 - INFO - wsgi.py - _log - 196 - 200 GET /test (::1) 6.95ms
2020-02-22 18:03:20,859 - INFO - web.py - log_request - 2246 - 101 GET / (192.168.1.8) 1.99ms
2020-02-22 18:03:20,861 - INFO - Flask.py - open - 131 - client connect <__main__.webRTCServer object at 0x0000026961F12B00>
2020-02-22 18:04:22,407 - DEBUG - selector_events.py - __init__ - 65 - Using selector: SelectSelector
2020-02-22 18:04:25,553 - INFO - Flask.py - test - 85 - test page
2020-02-22 18:04:25,558 - INFO - wsgi.py - _log - 196 - 200 GET /test (::1) 6.95ms
2020-02-22 18:04:27,703 - INFO - web.py - log_request - 2246 - 101 GET / (192.168.1.8) 3.02ms
2020-02-22 18:04:27,705 - INFO - Flask.py - open - 131 - client connect <__main__.webRTCServer object at 0x000002042FA80B00>
2020-02-22 18:04:33,294 - INFO - Flask.py - on_message - 138 - {"msgType":"signin","msgFrom":"123123","msgTo":null,"msgData":null}
2020-02-22 18:04:39,601 - INFO - Flask.py - on_message - 138 - {"msgType":"getUserList","msgFrom":"123123","msgTo":null,"msgData":null}
2020-02-22 18:05:16,154 - WARNING - wsgi.py - _log - 196 - 404 GET /favicon.ico (::1) 2.02ms
2020-02-22 18:05:16,446 - WARNING - wsgi.py - _log - 196 - 404 GET /favicon.ico (::1) 2.01ms
2020-02-22 18:05:17,533 - INFO - Flask.py - test - 85 - test page
2020-02-22 18:05:17,537 - INFO - wsgi.py - _log - 196 - 200 GET /test (::1) 4.99ms
2020-02-22 18:05:17,581 - INFO - wsgi.py - _log - 196 - 200 GET /static/js/jquery-3.2.1.min.js (::1) 6.98ms
2020-02-22 18:05:23,439 - INFO - web.py - log_request - 2246 - 101 GET / (192.168.1.8) 1.00ms
2020-02-22 18:05:23,440 - INFO - Flask.py - open - 131 - client connect <__main__.webRTCServer object at 0x000002042FB171D0>
2020-02-22 18:05:32,625 - INFO - Flask.py - on_message - 138 - {"msgType":"signin","msgFrom":"456456","msgTo":null,"msgData":null}
2020-02-22 18:05:35,185 - INFO - Flask.py - on_message - 138 - {"msgType":"getUserList","msgFrom":"456456","msgTo":null,"msgData":null}
2020-02-22 18:06:05,822 - INFO - Flask.py - on_message - 138 - {"msgType":"getUserList","msgFrom":"123123","msgTo":null,"msgData":null}
2020-02-22 18:09:14,920 - DEBUG - selector_events.py - __init__ - 65 - Using selector: SelectSelector
2020-02-22 18:09:14,985 - WARNING - iostream.py - _do_ssl_handshake - 1407 - SSL Error on 1084 ('192.168.1.8', 18155): [SSL: SSLV3_ALERT_CERTIFICATE_UNKNOWN] sslv3 alert certificate unknown (_ssl.c:847)
2020-02-22 18:09:15,228 - WARNING - iostream.py - _do_ssl_handshake - 1407 - SSL Error on 1176 ('192.168.1.8', 18154): [SSL: SSLV3_ALERT_CERTIFICATE_UNKNOWN] sslv3 alert certificate unknown (_ssl.c:847)
2020-02-22 18:09:15,241 - WARNING - iostream.py - _do_ssl_handshake - 1407 - SSL Error on 1136 ('192.168.1.8', 18153): [SSL: SSLV3_ALERT_CERTIFICATE_UNKNOWN] sslv3 alert certificate unknown (_ssl.c:847)
2020-02-22 18:09:16,966 - WARNING - iostream.py - _do_ssl_handshake - 1407 - SSL Error on 1184 ('192.168.1.8', 18162): [SSL: SSLV3_ALERT_CERTIFICATE_UNKNOWN] sslv3 alert certificate unknown (_ssl.c:847)
2020-02-22 18:09:16,968 - WARNING - iostream.py - _do_ssl_handshake - 1407 - SSL Error on 1180 ('192.168.1.8', 18161): [SSL: SSLV3_ALERT_CERTIFICATE_UNKNOWN] sslv3 alert certificate unknown (_ssl.c:847)
2020-02-22 18:09:22,399 - WARNING - iostream.py - _do_ssl_handshake - 1407 - SSL Error on 1136 ('192.168.1.8', 18167): [SSL: SSLV3_ALERT_CERTIFICATE_UNKNOWN] sslv3 alert certificate unknown (_ssl.c:847)
2020-02-22 18:09:22,407 - WARNING - iostream.py - _do_ssl_handshake - 1407 - SSL Error on 876 ('192.168.1.8', 18168): [SSL: SSLV3_ALERT_CERTIFICATE_UNKNOWN] sslv3 alert certificate unknown (_ssl.c:847)
2020-02-22 18:09:22,454 - WARNING - web.py - log_request - 2246 - 400 GET / (192.168.1.8) 1.99ms
2020-02-22 18:09:22,455 - DEBUG - websocket.py - get - 240 - Can "Upgrade" only to "WebSocket".
2020-02-22 18:09:22,517 - WARNING - web.py - log_request - 2246 - 404 GET /favicon.ico (192.168.1.8) 4.99ms
2020-02-22 18:09:41,744 - INFO - Flask.py - test - 85 - test page
2020-02-22 18:09:41,749 - INFO - wsgi.py - _log - 196 - 200 GET /test (::1) 6.98ms
2020-02-22 18:09:41,770 - INFO - wsgi.py - _log - 196 - 200 GET /static/js/jquery-3.2.1.min.js (::1) 5.98ms
2020-02-22 18:09:47,633 - WARNING - iostream.py - _do_ssl_handshake - 1407 - SSL Error on 1192 ('::1', 18209, 0, 0): [SSL: SSLV3_ALERT_CERTIFICATE_UNKNOWN] sslv3 alert certificate unknown (_ssl.c:847)
2020-02-22 18:09:47,635 - WARNING - iostream.py - _do_ssl_handshake - 1407 - SSL Error on 892 ('::1', 18210, 0, 0): [SSL: SSLV3_ALERT_CERTIFICATE_UNKNOWN] sslv3 alert certificate unknown (_ssl.c:847)
2020-02-22 18:09:50,789 - WARNING - iostream.py - _do_ssl_handshake - 1407 - SSL Error on 1192 ('::1', 18218, 0, 0): [SSL: SSLV3_ALERT_CERTIFICATE_UNKNOWN] sslv3 alert certificate unknown (_ssl.c:847)
2020-02-22 18:09:50,791 - WARNING - iostream.py - _do_ssl_handshake - 1407 - SSL Error on 1204 ('::1', 18219, 0, 0): [SSL: SSLV3_ALERT_CERTIFICATE_UNKNOWN] sslv3 alert certificate unknown (_ssl.c:847)
2020-02-22 18:09:55,144 - WARNING - iostream.py - _do_ssl_handshake - 1407 - SSL Error on 892 ('::1', 18222, 0, 0): [SSL: SSLV3_ALERT_CERTIFICATE_UNKNOWN] sslv3 alert certificate unknown (_ssl.c:847)
2020-02-22 18:09:55,146 - WARNING - iostream.py - _do_ssl_handshake - 1407 - SSL Error on 1204 ('::1', 18223, 0, 0): [SSL: SSLV3_ALERT_CERTIFICATE_UNKNOWN] sslv3 alert certificate unknown (_ssl.c:847)
2020-02-22 18:09:55,170 - INFO - Flask.py - test - 85 - test page
2020-02-22 18:09:55,184 - INFO - wsgi.py - _log - 196 - 200 GET /test (::1) 14.97ms
2020-02-22 18:09:55,214 - INFO - wsgi.py - _log - 196 - 200 GET /static/js/jquery-3.2.1.min.js (::1) 4.97ms
2020-02-22 18:09:55,389 - WARNING - wsgi.py - _log - 196 - 404 GET /favicon.ico (::1) 3.99ms
2020-02-22 18:09:58,692 - WARNING - iostream.py - _do_ssl_handshake - 1407 - SSL Error on 892 ('192.168.1.8', 18236): [SSL: SSLV3_ALERT_CERTIFICATE_UNKNOWN] sslv3 alert certificate unknown (_ssl.c:847)
2020-02-22 18:09:58,720 - INFO - web.py - log_request - 2246 - 101 GET / (192.168.1.8) 3.99ms
2020-02-22 18:09:58,721 - INFO - Flask.py - open - 131 - client connect <__main__.webRTCServer object at 0x0000027FEE0165C0>
2020-02-22 18:10:05,266 - INFO - Flask.py - on_message - 138 - {"msgType":"signin","msgFrom":"123123","msgTo":null,"msgData":null}
2020-02-22 18:10:06,458 - INFO - Flask.py - on_message - 138 - {"msgType":"getUserList","msgFrom":"123123","msgTo":null,"msgData":null}
2020-02-22 18:10:10,510 - WARNING - iostream.py - _do_ssl_handshake - 1407 - SSL Error on 1200 ('::1', 18256, 0, 0): [SSL: SSLV3_ALERT_CERTIFICATE_UNKNOWN] sslv3 alert certificate unknown (_ssl.c:847)
2020-02-22 18:10:10,513 - INFO - Flask.py - test - 85 - test page
2020-02-22 18:10:10,519 - INFO - wsgi.py - _log - 196 - 200 GET /test (::1) 6.01ms
2020-02-22 18:10:10,551 - INFO - wsgi.py - _log - 196 - 200 GET /static/js/jquery-3.2.1.min.js (::1) 6.98ms
2020-02-22 18:10:12,233 - WARNING - iostream.py - _do_ssl_handshake - 1407 - SSL Error on 1216 ('192.168.1.8', 18262): [SSL: SSLV3_ALERT_CERTIFICATE_UNKNOWN] sslv3 alert certificate unknown (_ssl.c:847)
2020-02-22 18:10:12,255 - INFO - web.py - log_request - 2246 - 101 GET / (192.168.1.8) 1.99ms
2020-02-22 18:10:12,255 - INFO - Flask.py - open - 131 - client connect <__main__.webRTCServer object at 0x0000027FEE016A90>
2020-02-22 18:10:14,461 - INFO - Flask.py - on_message - 138 - {"msgType":"signin","msgFrom":"456456","msgTo":null,"msgData":null}
2020-02-22 18:10:15,707 - INFO - Flask.py - on_message - 138 - {"msgType":"getUserList","msgFrom":"456456","msgTo":null,"msgData":null}
2020-02-22 18:10:19,893 - INFO - Flask.py - on_message - 138 - {"msgType":"video-offer","msgFrom":"456456","msgTo":"123123","msgData":{"callerID":"456456","calleeID":"123123","type":"video-offer","SDP":{"type":"offer","sdp":"v=0\r\no=- 6986739290908657309 2 IN IP4 127.0.0.1\r\ns=-\r\nt=0 0\r\na=group:BUNDLE 0\r\na=msid-semantic: WMS p3wR3P0ZWfofirF2yEjyF2RmeWiLA8zbTV6H\r\nm=video 9 UDP/TLS/RTP/SAVPF 96 97 98 99 100 101 102 122 127 121 125 107 108 109 124 120 123 119 114 115 116\r\nc=IN IP4 0.0.0.0\r\na=rtcp:9 IN IP4 0.0.0.0\r\na=ice-ufrag:ddcX\r\na=ice-pwd:R2dKIYKVSRsw0id5ZYp9VbH2\r\na=ice-options:trickle\r\na=fingerprint:sha-256 AD:F1:59:C1:EA:A9:B9:D3:1E:03:56:EB:0C:40:B9:B6:96:96:F6:48:0A:99:CD:69:D7:B1:71:5C:32:FD:F5:4C\r\na=setup:actpass\r\na=mid:0\r\na=extmap:14 urn:ietf:params:rtp-hdrext:toffset\r\na=extmap:13 http://www.webrtc.org/experiments/rtp-hdrext/abs-send-time\r\na=extmap:12 urn:3gpp:video-orientation\r\na=extmap:2 http://www.ietf.org/id/draft-holmer-rmcat-transport-wide-cc-extensions-01\r\na=extmap:11 http://www.webrtc.org/experiments/rtp-hdrext/playout-delay\r\na=extmap:6 http://www.webrtc.org/experiments/rtp-hdrext/video-content-type\r\na=extmap:7 http://www.webrtc.org/experiments/rtp-hdrext/video-timing\r\na=extmap:8 http://tools.ietf.org/html/draft-ietf-avtext-framemarking-07\r\na=extmap:9 http://www.webrtc.org/experiments/rtp-hdrext/color-space\r\na=extmap:3 urn:ietf:params:rtp-hdrext:sdes:mid\r\na=extmap:4 urn:ietf:params:rtp-hdrext:sdes:rtp-stream-id\r\na=extmap:5 urn:ietf:params:rtp-hdrext:sdes:repaired-rtp-stream-id\r\na=sendrecv\r\na=msid:p3wR3P0ZWfofirF2yEjyF2RmeWiLA8zbTV6H 2cc049aa-bc73-489e-bfa0-ed4f2620f070\r\na=rtcp-mux\r\na=rtcp-rsize\r\na=rtpmap:96 VP8/90000\r\na=rtcp-fb:96 goog-remb\r\na=rtcp-fb:96 transport-cc\r\na=rtcp-fb:96 ccm fir\r\na=rtcp-fb:96 nack\r\na=rtcp-fb:96 nack pli\r\na=rtpmap:97 rtx/90000\r\na=fmtp:97 apt=96\r\na=rtpmap:98 VP9/90000\r\na=rtcp-fb:98 goog-remb\r\na=rtcp-fb:98 transport-cc\r\na=rtcp-fb:98 ccm fir\r\na=rtcp-fb:98 nack\r\na=rtcp-fb:98 nack pli\r\na=fmtp:98 profile-id=0\r\na=rtpmap:99 rtx/90000\r\na=fmtp:99 apt=98\r\na=rtpmap:100 VP9/90000\r\na=rtcp-fb:100 goog-remb\r\na=rtcp-fb:100 transport-cc\r\na=rtcp-fb:100 ccm fir\r\na=rtcp-fb:100 nack\r\na=rtcp-fb:100 nack pli\r\na=fmtp:100 profile-id=2\r\na=rtpmap:101 rtx/90000\r\na=fmtp:101 apt=100\r\na=rtpmap:102 H264/90000\r\na=rtcp-fb:102 goog-remb\r\na=rtcp-fb:102 transport-cc\r\na=rtcp-fb:102 ccm fir\r\na=rtcp-fb:102 nack\r\na=rtcp-fb:102 nack pli\r\na=fmtp:102 level-asymmetry-allowed=1;packetization-mode=1;profile-level-id=42001f\r\na=rtpmap:122 rtx/90000\r\na=fmtp:122 apt=102\r\na=rtpmap:127 H264/90000\r\na=rtcp-fb:127 goog-remb\r\na=rtcp-fb:127 transport-cc\r\na=rtcp-fb:127 ccm fir\r\na=rtcp-fb:127 nack\r\na=rtcp-fb:127 nack pli\r\na=fmtp:127 level-asymmetry-allowed=1;packetization-mode=0;profile-level-id=42001f\r\na=rtpmap:121 rtx/90000\r\na=fmtp:121 apt=127\r\na=rtpmap:125 H264/90000\r\na=rtcp-fb:125 goog-remb\r\na=rtcp-fb:125 transport-cc\r\na=rtcp-fb:125 ccm fir\r\na=rtcp-fb:125 nack\r\na=rtcp-fb:125 nack pli\r\na=fmtp:125 level-asymmetry-allowed=1;packetization-mode=1;profile-level-id=42e01f\r\na=rtpmap:107 rtx/90000\r\na=fmtp:107 apt=125\r\na=rtpmap:108 H264/90000\r\na=rtcp-fb:108 goog-remb\r\na=rtcp-fb:108 transport-cc\r\na=rtcp-fb:108 ccm fir\r\na=rtcp-fb:108 nack\r\na=rtcp-fb:108 nack pli\r\na=fmtp:108 level-asymmetry-allowed=1;packetization-mode=0;profile-level-id=42e01f\r\na=rtpmap:109 rtx/90000\r\na=fmtp:109 apt=108\r\na=rtpmap:124 H264/90000\r\na=rtcp-fb:124 goog-remb\r\na=rtcp-fb:124 transport-cc\r\na=rtcp-fb:124 ccm fir\r\na=rtcp-fb:124 nack\r\na=rtcp-fb:124 nack pli\r\na=fmtp:124 level-asymmetry-allowed=1;packetization-mode=1;profile-level-id=4d0032\r\na=rtpmap:120 rtx/90000\r\na=fmtp:120 apt=124\r\na=rtpmap:123 H264/90000\r\na=rtcp-fb:123 goog-remb\r\na=rtcp-fb:123 transport-cc\r\na=rtcp-fb:123 ccm fir\r\na=rtcp-fb:123 nack\r\na=rtcp-fb:123 nack pli\r\na=fmtp:123 level-asymmetry-allowed=1;packetization-mode=1;profile-level-id=640032\r\na=rtpmap:119 rtx/90000\r\na=fmtp:119 apt=123\r\na=rtpmap:114 red/90000\r\na=rtpmap:115 rtx/90000\r\na=fmtp:115 apt=114\r\na=rtpmap:116 ulpfec/90000\r\na=ssrc-group:FID 4033940227 3764410357\r\na=ssrc:4033940227 cname:bJb9maOmthukYqPm\r\na=ssrc:4033940227 msid:p3wR3P0ZWfofirF2yEjyF2RmeWiLA8zbTV6H 2cc049aa-bc73-489e-bfa0-ed4f2620f070\r\na=ssrc:4033940227 mslabel:p3wR3P0ZWfofirF2yEjyF2RmeWiLA8zbTV6H\r\na=ssrc:4033940227 label:2cc049aa-bc73-489e-bfa0-ed4f2620f070\r\na=ssrc:3764410357 cname:bJb9maOmthukYqPm\r\na=ssrc:3764410357 msid:p3wR3P0ZWfofirF2yEjyF2RmeWiLA8zbTV6H 2cc049aa-bc73-489e-bfa0-ed4f2620f070\r\na=ssrc:3764410357 mslabel:p3wR3P0ZWfofirF2yEjyF2RmeWiLA8zbTV6H\r\na=ssrc:3764410357 label:2cc049aa-bc73-489e-bfa0-ed4f2620f070\r\n"}}}
2020-02-22 18:10:21,154 - INFO - Flask.py - on_message - 138 - {"msgType":"video-answer","msgFrom":"123123","msgTo":"456456","msgData":{"callerID":"456456","calleeID":"123123","type":"video-answer","SDP":{"type":"answer","sdp":"v=0\r\no=- 130644489304453606 2 IN IP4 127.0.0.1\r\ns=-\r\nt=0 0\r\na=group:BUNDLE 0\r\na=msid-semantic: WMS cxmhF86yWsWY5LevNVQQGZgVk9rPTu1BsSTE\r\nm=video 9 UDP/TLS/RTP/SAVPF 96 97 98 99 100 101 102 122 127 121 125 107 108 109 124 120 123 119 114 115 116\r\nc=IN IP4 0.0.0.0\r\na=rtcp:9 IN IP4 0.0.0.0\r\na=ice-ufrag:oR9m\r\na=ice-pwd:tEtxrSDHGZRdC1cor+TqEHi2\r\na=ice-options:trickle\r\na=fingerprint:sha-256 D6:31:B5:7D:DE:DA:E5:9F:D9:1B:AB:DE:4D:5C:D3:D8:FB:D7:CD:34:DB:E5:BB:EA:2B:82:8E:A5:6F:85:B8:C8\r\na=setup:active\r\na=mid:0\r\na=extmap:14 urn:ietf:params:rtp-hdrext:toffset\r\na=extmap:13 http://www.webrtc.org/experiments/rtp-hdrext/abs-send-time\r\na=extmap:12 urn:3gpp:video-orientation\r\na=extmap:2 http://www.ietf.org/id/draft-holmer-rmcat-transport-wide-cc-extensions-01\r\na=extmap:11 http://www.webrtc.org/experiments/rtp-hdrext/playout-delay\r\na=extmap:6 http://www.webrtc.org/experiments/rtp-hdrext/video-content-type\r\na=extmap:7 http://www.webrtc.org/experiments/rtp-hdrext/video-timing\r\na=extmap:8 http://tools.ietf.org/html/draft-ietf-avtext-framemarking-07\r\na=extmap:9 http://www.webrtc.org/experiments/rtp-hdrext/color-space\r\na=extmap:3 urn:ietf:params:rtp-hdrext:sdes:mid\r\na=extmap:4 urn:ietf:params:rtp-hdrext:sdes:rtp-stream-id\r\na=extmap:5 urn:ietf:params:rtp-hdrext:sdes:repaired-rtp-stream-id\r\na=sendrecv\r\na=msid:cxmhF86yWsWY5LevNVQQGZgVk9rPTu1BsSTE 091c5232-6b7e-4406-add9-7e8d2bf1a214\r\na=rtcp-mux\r\na=rtcp-rsize\r\na=rtpmap:96 VP8/90000\r\na=rtcp-fb:96 goog-remb\r\na=rtcp-fb:96 transport-cc\r\na=rtcp-fb:96 ccm fir\r\na=rtcp-fb:96 nack\r\na=rtcp-fb:96 nack pli\r\na=rtpmap:97 rtx/90000\r\na=fmtp:97 apt=96\r\na=rtpmap:98 VP9/90000\r\na=rtcp-fb:98 goog-remb\r\na=rtcp-fb:98 transport-cc\r\na=rtcp-fb:98 ccm fir\r\na=rtcp-fb:98 nack\r\na=rtcp-fb:98 nack pli\r\na=fmtp:98 profile-id=0\r\na=rtpmap:99 rtx/90000\r\na=fmtp:99 apt=98\r\na=rtpmap:100 VP9/90000\r\na=rtcp-fb:100 goog-remb\r\na=rtcp-fb:100 transport-cc\r\na=rtcp-fb:100 ccm fir\r\na=rtcp-fb:100 nack\r\na=rtcp-fb:100 nack pli\r\na=fmtp:100 profile-id=2\r\na=rtpmap:101 rtx/90000\r\na=fmtp:101 apt=100\r\na=rtpmap:102 H264/90000\r\na=rtcp-fb:102 goog-remb\r\na=rtcp-fb:102 transport-cc\r\na=rtcp-fb:102 ccm fir\r\na=rtcp-fb:102 nack\r\na=rtcp-fb:102 nack pli\r\na=fmtp:102 level-asymmetry-allowed=1;packetization-mode=1;profile-level-id=42001f\r\na=rtpmap:122 rtx/90000\r\na=fmtp:122 apt=102\r\na=rtpmap:127 H264/90000\r\na=rtcp-fb:127 goog-remb\r\na=rtcp-fb:127 transport-cc\r\na=rtcp-fb:127 ccm fir\r\na=rtcp-fb:127 nack\r\na=rtcp-fb:127 nack pli\r\na=fmtp:127 level-asymmetry-allowed=1;packetization-mode=0;profile-level-id=42001f\r\na=rtpmap:121 rtx/90000\r\na=fmtp:121 apt=127\r\na=rtpmap:125 H264/90000\r\na=rtcp-fb:125 goog-remb\r\na=rtcp-fb:125 transport-cc\r\na=rtcp-fb:125 ccm fir\r\na=rtcp-fb:125 nack\r\na=rtcp-fb:125 nack pli\r\na=fmtp:125 level-asymmetry-allowed=1;packetization-mode=1;profile-level-id=42e01f\r\na=rtpmap:107 rtx/90000\r\na=fmtp:107 apt=125\r\na=rtpmap:108 H264/90000\r\na=rtcp-fb:108 goog-remb\r\na=rtcp-fb:108 transport-cc\r\na=rtcp-fb:108 ccm fir\r\na=rtcp-fb:108 nack\r\na=rtcp-fb:108 nack pli\r\na=fmtp:108 level-asymmetry-allowed=1;packetization-mode=0;profile-level-id=42e01f\r\na=rtpmap:109 rtx/90000\r\na=fmtp:109 apt=108\r\na=rtpmap:124 H264/90000\r\na=rtcp-fb:124 goog-remb\r\na=rtcp-fb:124 transport-cc\r\na=rtcp-fb:124 ccm fir\r\na=rtcp-fb:124 nack\r\na=rtcp-fb:124 nack pli\r\na=fmtp:124 level-asymmetry-allowed=1;packetization-mode=1;profile-level-id=4d0032\r\na=rtpmap:120 rtx/90000\r\na=fmtp:120 apt=124\r\na=rtpmap:123 H264/90000\r\na=rtcp-fb:123 goog-remb\r\na=rtcp-fb:123 transport-cc\r\na=rtcp-fb:123 ccm fir\r\na=rtcp-fb:123 nack\r\na=rtcp-fb:123 nack pli\r\na=fmtp:123 level-asymmetry-allowed=1;packetization-mode=1;profile-level-id=640032\r\na=rtpmap:119 rtx/90000\r\na=fmtp:119 apt=123\r\na=rtpmap:114 red/90000\r\na=rtpmap:115 rtx/90000\r\na=fmtp:115 apt=114\r\na=rtpmap:116 ulpfec/90000\r\na=ssrc-group:FID 3830561611 4132181605\r\na=ssrc:3830561611 cname:xdoHWStOyfEWfYdS\r\na=ssrc:4132181605 cname:xdoHWStOyfEWfYdS\r\n"}}}
2020-02-22 18:10:45,716 - INFO - Flask.py - on_message - 138 - {"msgType":"video-offer","msgFrom":"123123","msgTo":"456456","msgData":{"callerID":"123123","calleeID":"456456","type":"video-offer","SDP":{"type":"offer","sdp":"v=0\r\no=- 130644489304453606 3 IN IP4 127.0.0.1\r\ns=-\r\nt=0 0\r\na=group:BUNDLE 0 1\r\na=msid-semantic: WMS cxmhF86yWsWY5LevNVQQGZgVk9rPTu1BsSTE\r\nm=video 9 UDP/TLS/RTP/SAVPF 96 97 98 99 100 101 102 122 127 121 125 107 108 109 124 120 123 119 114 115 116\r\nc=IN IP4 0.0.0.0\r\na=rtcp:9 IN IP4 0.0.0.0\r\na=ice-ufrag:oR9m\r\na=ice-pwd:tEtxrSDHGZRdC1cor+TqEHi2\r\na=ice-options:trickle\r\na=fingerprint:sha-256 D6:31:B5:7D:DE:DA:E5:9F:D9:1B:AB:DE:4D:5C:D3:D8:FB:D7:CD:34:DB:E5:BB:EA:2B:82:8E:A5:6F:85:B8:C8\r\na=setup:actpass\r\na=mid:0\r\na=extmap:14 urn:ietf:params:rtp-hdrext:toffset\r\na=extmap:13 http://www.webrtc.org/experiments/rtp-hdrext/abs-send-time\r\na=extmap:12 urn:3gpp:video-orientation\r\na=extmap:2 http://www.ietf.org/id/draft-holmer-rmcat-transport-wide-cc-extensions-01\r\na=extmap:11 http://www.webrtc.org/experiments/rtp-hdrext/playout-delay\r\na=extmap:6 http://www.webrtc.org/experiments/rtp-hdrext/video-content-type\r\na=extmap:7 http://www.webrtc.org/experiments/rtp-hdrext/video-timing\r\na=extmap:8 http://tools.ietf.org/html/draft-ietf-avtext-framemarking-07\r\na=extmap:9 http://www.webrtc.org/experiments/rtp-hdrext/color-space\r\na=extmap:3 urn:ietf:params:rtp-hdrext:sdes:mid\r\na=extmap:4 urn:ietf:params:rtp-hdrext:sdes:rtp-stream-id\r\na=extmap:5 urn:ietf:params:rtp-hdrext:sdes:repaired-rtp-stream-id\r\na=sendrecv\r\na=msid:cxmhF86yWsWY5LevNVQQGZgVk9rPTu1BsSTE 091c5232-6b7e-4406-add9-7e8d2bf1a214\r\na=rtcp-mux\r\na=rtcp-rsize\r\na=rtpmap:96 VP8/90000\r\na=rtcp-fb:96 goog-remb\r\na=rtcp-fb:96 transport-cc\r\na=rtcp-fb:96 ccm fir\r\na=rtcp-fb:96 nack\r\na=rtcp-fb:96 nack pli\r\na=rtpmap:97 rtx/90000\r\na=fmtp:97 apt=96\r\na=rtpmap:98 VP9/90000\r\na=rtcp-fb:98 goog-remb\r\na=rtcp-fb:98 transport-cc\r\na=rtcp-fb:98 ccm fir\r\na=rtcp-fb:98 nack\r\na=rtcp-fb:98 nack pli\r\na=fmtp:98 profile-id=0\r\na=rtpmap:99 rtx/90000\r\na=fmtp:99 apt=98\r\na=rtpmap:100 VP9/90000\r\na=rtcp-fb:100 goog-remb\r\na=rtcp-fb:100 transport-cc\r\na=rtcp-fb:100 ccm fir\r\na=rtcp-fb:100 nack\r\na=rtcp-fb:100 nack pli\r\na=fmtp:100 profile-id=2\r\na=rtpmap:101 rtx/90000\r\na=fmtp:101 apt=100\r\na=rtpmap:102 H264/90000\r\na=rtcp-fb:102 goog-remb\r\na=rtcp-fb:102 transport-cc\r\na=rtcp-fb:102 ccm fir\r\na=rtcp-fb:102 nack\r\na=rtcp-fb:102 nack pli\r\na=fmtp:102 level-asymmetry-allowed=1;packetization-mode=1;profile-level-id=42001f\r\na=rtpmap:122 rtx/90000\r\na=fmtp:122 apt=102\r\na=rtpmap:127 H264/90000\r\na=rtcp-fb:127 goog-remb\r\na=rtcp-fb:127 transport-cc\r\na=rtcp-fb:127 ccm fir\r\na=rtcp-fb:127 nack\r\na=rtcp-fb:127 nack pli\r\na=fmtp:127 level-asymmetry-allowed=1;packetization-mode=0;profile-level-id=42001f\r\na=rtpmap:121 rtx/90000\r\na=fmtp:121 apt=127\r\na=rtpmap:125 H264/90000\r\na=rtcp-fb:125 goog-remb\r\na=rtcp-fb:125 transport-cc\r\na=rtcp-fb:125 ccm fir\r\na=rtcp-fb:125 nack\r\na=rtcp-fb:125 nack pli\r\na=fmtp:125 level-asymmetry-allowed=1;packetization-mode=1;profile-level-id=42e01f\r\na=rtpmap:107 rtx/90000\r\na=fmtp:107 apt=125\r\na=rtpmap:108 H264/90000\r\na=rtcp-fb:108 goog-remb\r\na=rtcp-fb:108 transport-cc\r\na=rtcp-fb:108 ccm fir\r\na=rtcp-fb:108 nack\r\na=rtcp-fb:108 nack pli\r\na=fmtp:108 level-asymmetry-allowed=1;packetization-mode=0;profile-level-id=42e01f\r\na=rtpmap:109 rtx/90000\r\na=fmtp:109 apt=108\r\na=rtpmap:124 H264/90000\r\na=rtcp-fb:124 goog-remb\r\na=rtcp-fb:124 transport-cc\r\na=rtcp-fb:124 ccm fir\r\na=rtcp-fb:124 nack\r\na=rtcp-fb:124 nack pli\r\na=fmtp:124 level-asymmetry-allowed=1;packetization-mode=1;profile-level-id=4d0032\r\na=rtpmap:120 rtx/90000\r\na=fmtp:120 apt=124\r\na=rtpmap:123 H264/90000\r\na=rtcp-fb:123 goog-remb\r\na=rtcp-fb:123 transport-cc\r\na=rtcp-fb:123 ccm fir\r\na=rtcp-fb:123 nack\r\na=rtcp-fb:123 nack pli\r\na=fmtp:123 level-asymmetry-allowed=1;packetization-mode=1;profile-level-id=640032\r\na=rtpmap:119 rtx/90000\r\na=fmtp:119 apt=123\r\na=rtpmap:114 red/90000\r\na=rtpmap:115 rtx/90000\r\na=fmtp:115 apt=114\r\na=rtpmap:116 ulpfec/90000\r\na=ssrc-group:FID 3830561611 4132181605\r\na=ssrc:3830561611 cname:xdoHWStOyfEWfYdS\r\na=ssrc:3830561611 msid:cxmhF86yWsWY5LevNVQQGZgVk9rPTu1BsSTE 091c5232-6b7e-4406-add9-7e8d2bf1a214\r\na=ssrc:3830561611 mslabel:cxmhF86yWsWY5LevNVQQGZgVk9rPTu1BsSTE\r\na=ssrc:3830561611 label:091c5232-6b7e-4406-add9-7e8d2bf1a214\r\na=ssrc:4132181605 cname:xdoHWStOyfEWfYdS\r\na=ssrc:4132181605 msid:cxmhF86yWsWY5LevNVQQGZgVk9rPTu1BsSTE 091c5232-6b7e-4406-add9-7e8d2bf1a214\r\na=ssrc:4132181605 mslabel:cxmhF86yWsWY5LevNVQQGZgVk9rPTu1BsSTE\r\na=ssrc:4132181605 label:091c5232-6b7e-4406-add9-7e8d2bf1a214\r\nm=video 9 UDP/TLS/RTP/SAVPF 96 97 98 99 100 101 102 122 127 121 125 107 108 109 124 120 123 119 114 115 116\r\nc=IN IP4 0.0.0.0\r\na=rtcp:9 IN IP4 0.0.0.0\r\na=ice-ufrag:oR9m\r\na=ice-pwd:tEtxrSDHGZRdC1cor+TqEHi2\r\na=ice-options:trickle\r\na=fingerprint:sha-256 D6:31:B5:7D:DE:DA:E5:9F:D9:1B:AB:DE:4D:5C:D3:D8:FB:D7:CD:34:DB:E5:BB:EA:2B:82:8E:A5:6F:85:B8:C8\r\na=setup:actpass\r\na=mid:1\r\na=extmap:14 urn:ietf:params:rtp-hdrext:toffset\r\na=extmap:13 http://www.webrtc.org/experiments/rtp-hdrext/abs-send-time\r\na=extmap:12 urn:3gpp:video-orientation\r\na=extmap:2 http://www.ietf.org/id/draft-holmer-rmcat-transport-wide-cc-extensions-01\r\na=extmap:11 http://www.webrtc.org/experiments/rtp-hdrext/playout-delay\r\na=extmap:6 http://www.webrtc.org/experiments/rtp-hdrext/video-content-type\r\na=extmap:7 http://www.webrtc.org/experiments/rtp-hdrext/video-timing\r\na=extmap:8 http://tools.ietf.org/html/draft-ietf-avtext-framemarking-07\r\na=extmap:9 http://www.webrtc.org/experiments/rtp-hdrext/color-space\r\na=extmap:3 urn:ietf:params:rtp-hdrext:sdes:mid\r\na=extmap:4 urn:ietf:params:rtp-hdrext:sdes:rtp-stream-id\r\na=extmap:5 urn:ietf:params:rtp-hdrext:sdes:repaired-rtp-stream-id\r\na=sendrecv\r\na=msid:C7V3DELoWIDFJFDNK59uiqnuUOIqNHgFbZm7 e920e840-494a-46fd-a03c-73ce44d0d354\r\na=rtcp-mux\r\na=rtcp-rsize\r\na=rtpmap:96 VP8/90000\r\na=rtcp-fb:96 goog-remb\r\na=rtcp-fb:96 transport-cc\r\na=rtcp-fb:96 ccm fir\r\na=rtcp-fb:96 nack\r\na=rtcp-fb:96 nack pli\r\na=rtpmap:97 rtx/90000\r\na=fmtp:97 apt=96\r\na=rtpmap:98 VP9/90000\r\na=rtcp-fb:98 goog-remb\r\na=rtcp-fb:98 transport-cc\r\na=rtcp-fb:98 ccm fir\r\na=rtcp-fb:98 nack\r\na=rtcp-fb:98 nack pli\r\na=fmtp:98 profile-id=0\r\na=rtpmap:99 rtx/90000\r\na=fmtp:99 apt=98\r\na=rtpmap:100 VP9/90000\r\na=rtcp-fb:100 goog-remb\r\na=rtcp-fb:100 transport-cc\r\na=rtcp-fb:100 ccm fir\r\na=rtcp-fb:100 nack\r\na=rtcp-fb:100 nack pli\r\na=fmtp:100 profile-id=2\r\na=rtpmap:101 rtx/90000\r\na=fmtp:101 apt=100\r\na=rtpmap:102 H264/90000\r\na=rtcp-fb:102 goog-remb\r\na=rtcp-fb:102 transport-cc\r\na=rtcp-fb:102 ccm fir\r\na=rtcp-fb:102 nack\r\na=rtcp-fb:102 nack pli\r\na=fmtp:102 level-asymmetry-allowed=1;packetization-mode=1;profile-level-id=42001f\r\na=rtpmap:122 rtx/90000\r\na=fmtp:122 apt=102\r\na=rtpmap:127 H264/90000\r\na=rtcp-fb:127 goog-remb\r\na=rtcp-fb:127 transport-cc\r\na=rtcp-fb:127 ccm fir\r\na=rtcp-fb:127 nack\r\na=rtcp-fb:127 nack pli\r\na=fmtp:127 level-asymmetry-allowed=1;packetization-mode=0;profile-level-id=42001f\r\na=rtpmap:121 rtx/90000\r\na=fmtp:121 apt=127\r\na=rtpmap:125 H264/90000\r\na=rtcp-fb:125 goog-remb\r\na=rtcp-fb:125 transport-cc\r\na=rtcp-fb:125 ccm fir\r\na=rtcp-fb:125 nack\r\na=rtcp-fb:125 nack pli\r\na=fmtp:125 level-asymmetry-allowed=1;packetization-mode=1;profile-level-id=42e01f\r\na=rtpmap:107 rtx/90000\r\na=fmtp:107 apt=125\r\na=rtpmap:108 H264/90000\r\na=rtcp-fb:108 goog-remb\r\na=rtcp-fb:108 transport-cc\r\na=rtcp-fb:108 ccm fir\r\na=rtcp-fb:108 nack\r\na=rtcp-fb:108 nack pli\r\na=fmtp:108 level-asymmetry-allowed=1;packetization-mode=0;profile-level-id=42e01f\r\na=rtpmap:109 rtx/90000\r\na=fmtp:109 apt=108\r\na=rtpmap:124 H264/90000\r\na=rtcp-fb:124 goog-remb\r\na=rtcp-fb:124 transport-cc\r\na=rtcp-fb:124 ccm fir\r\na=rtcp-fb:124 nack\r\na=rtcp-fb:124 nack pli\r\na=fmtp:124 level-asymmetry-allowed=1;packetization-mode=1;profile-level-id=4d0032\r\na=rtpmap:120 rtx/90000\r\na=fmtp:120 apt=124\r\na=rtpmap:123 H264/90000\r\na=rtcp-fb:123 goog-remb\r\na=rtcp-fb:123 transport-cc\r\na=rtcp-fb:123 ccm fir\r\na=rtcp-fb:123 nack\r\na=rtcp-fb:123 nack pli\r\na=fmtp:123 level-asymmetry-allowed=1;packetization-mode=1;profile-level-id=640032\r\na=rtpmap:119 rtx/90000\r\na=fmtp:119 apt=123\r\na=rtpmap:114 red/90000\r\na=rtpmap:115 rtx/90000\r\na=fmtp:115 apt=114\r\na=rtpmap:116 ulpfec/90000\r\na=ssrc-group:FID 2989454126 334663820\r\na=ssrc:2989454126 cname:xdoHWStOyfEWfYdS\r\na=ssrc:2989454126 msid:C7V3DELoWIDFJFDNK59uiqnuUOIqNHgFbZm7 e920e840-494a-46fd-a03c-73ce44d0d354\r\na=ssrc:2989454126 mslabel:C7V3DELoWIDFJFDNK59uiqnuUOIqNHgFbZm7\r\na=ssrc:2989454126 label:e920e840-494a-46fd-a03c-73ce44d0d354\r\na=ssrc:334663820 cname:xdoHWStOyfEWfYdS\r\na=ssrc:334663820 msid:C7V3DELoWIDFJFDNK59uiqnuUOIqNHgFbZm7 e920e840-494a-46fd-a03c-73ce44d0d354\r\na=ssrc:334663820 mslabel:C7V3DELoWIDFJFDNK59uiqnuUOIqNHgFbZm7\r\na=ssrc:334663820 label:e920e840-494a-46fd-a03c-73ce44d0d354\r\n"}}}
2020-02-22 18:10:46,678 - INFO - Flask.py - on_message - 138 - {"msgType":"video-answer","msgFrom":"456456","msgTo":"123123","msgData":{"callerID":"123123","calleeID":"456456","type":"video-answer","SDP":{"type":"answer","sdp":"v=0\r\no=- 6986739290908657309 3 IN IP4 127.0.0.1\r\ns=-\r\nt=0 0\r\na=group:BUNDLE 0 1\r\na=msid-semantic: WMS p3wR3P0ZWfofirF2yEjyF2RmeWiLA8zbTV6H\r\nm=video 9 UDP/TLS/RTP/SAVPF 96 97 98 99 100 101 102 122 127 121 125 107 108 109 124 120 123 119 114 115 116\r\nc=IN IP4 0.0.0.0\r\na=rtcp:9 IN IP4 0.0.0.0\r\na=ice-ufrag:ddcX\r\na=ice-pwd:R2dKIYKVSRsw0id5ZYp9VbH2\r\na=ice-options:trickle\r\na=fingerprint:sha-256 AD:F1:59:C1:EA:A9:B9:D3:1E:03:56:EB:0C:40:B9:B6:96:96:F6:48:0A:99:CD:69:D7:B1:71:5C:32:FD:F5:4C\r\na=setup:passive\r\na=mid:0\r\na=extmap:14 urn:ietf:params:rtp-hdrext:toffset\r\na=extmap:13 http://www.webrtc.org/experiments/rtp-hdrext/abs-send-time\r\na=extmap:12 urn:3gpp:video-orientation\r\na=extmap:2 http://www.ietf.org/id/draft-holmer-rmcat-transport-wide-cc-extensions-01\r\na=extmap:11 http://www.webrtc.org/experiments/rtp-hdrext/playout-delay\r\na=extmap:6 http://www.webrtc.org/experiments/rtp-hdrext/video-content-type\r\na=extmap:7 http://www.webrtc.org/experiments/rtp-hdrext/video-timing\r\na=extmap:8 http://tools.ietf.org/html/draft-ietf-avtext-framemarking-07\r\na=extmap:9 http://www.webrtc.org/experiments/rtp-hdrext/color-space\r\na=extmap:3 urn:ietf:params:rtp-hdrext:sdes:mid\r\na=extmap:4 urn:ietf:params:rtp-hdrext:sdes:rtp-stream-id\r\na=extmap:5 urn:ietf:params:rtp-hdrext:sdes:repaired-rtp-stream-id\r\na=sendrecv\r\na=msid:p3wR3P0ZWfofirF2yEjyF2RmeWiLA8zbTV6H 2cc049aa-bc73-489e-bfa0-ed4f2620f070\r\na=rtcp-mux\r\na=rtcp-rsize\r\na=rtpmap:96 VP8/90000\r\na=rtcp-fb:96 goog-remb\r\na=rtcp-fb:96 transport-cc\r\na=rtcp-fb:96 ccm fir\r\na=rtcp-fb:96 nack\r\na=rtcp-fb:96 nack pli\r\na=rtpmap:97 rtx/90000\r\na=fmtp:97 apt=96\r\na=rtpmap:98 VP9/90000\r\na=rtcp-fb:98 goog-remb\r\na=rtcp-fb:98 transport-cc\r\na=rtcp-fb:98 ccm fir\r\na=rtcp-fb:98 nack\r\na=rtcp-fb:98 nack pli\r\na=fmtp:98 profile-id=0\r\na=rtpmap:99 rtx/90000\r\na=fmtp:99 apt=98\r\na=rtpmap:100 VP9/90000\r\na=rtcp-fb:100 goog-remb\r\na=rtcp-fb:100 transport-cc\r\na=rtcp-fb:100 ccm fir\r\na=rtcp-fb:100 nack\r\na=rtcp-fb:100 nack pli\r\na=fmtp:100 profile-id=2\r\na=rtpmap:101 rtx/90000\r\na=fmtp:101 apt=100\r\na=rtpmap:102 H264/90000\r\na=rtcp-fb:102 goog-remb\r\na=rtcp-fb:102 transport-cc\r\na=rtcp-fb:102 ccm fir\r\na=rtcp-fb:102 nack\r\na=rtcp-fb:102 nack pli\r\na=fmtp:102 level-asymmetry-allowed=1;packetization-mode=1;profile-level-id=42001f\r\na=rtpmap:122 rtx/90000\r\na=fmtp:122 apt=102\r\na=rtpmap:127 H264/90000\r\na=rtcp-fb:127 goog-remb\r\na=rtcp-fb:127 transport-cc\r\na=rtcp-fb:127 ccm fir\r\na=rtcp-fb:127 nack\r\na=rtcp-fb:127 nack pli\r\na=fmtp:127 level-asymmetry-allowed=1;packetization-mode=0;profile-level-id=42001f\r\na=rtpmap:121 rtx/90000\r\na=fmtp:121 apt=127\r\na=rtpmap:125 H264/90000\r\na=rtcp-fb:125 goog-remb\r\na=rtcp-fb:125 transport-cc\r\na=rtcp-fb:125 ccm fir\r\na=rtcp-fb:125 nack\r\na=rtcp-fb:125 nack pli\r\na=fmtp:125 level-asymmetry-allowed=1;packetization-mode=1;profile-level-id=42e01f\r\na=rtpmap:107 rtx/90000\r\na=fmtp:107 apt=125\r\na=rtpmap:108 H264/90000\r\na=rtcp-fb:108 goog-remb\r\na=rtcp-fb:108 transport-cc\r\na=rtcp-fb:108 ccm fir\r\na=rtcp-fb:108 nack\r\na=rtcp-fb:108 nack pli\r\na=fmtp:108 level-asymmetry-allowed=1;packetization-mode=0;profile-level-id=42e01f\r\na=rtpmap:109 rtx/90000\r\na=fmtp:109 apt=108\r\na=rtpmap:124 H264/90000\r\na=rtcp-fb:124 goog-remb\r\na=rtcp-fb:124 transport-cc\r\na=rtcp-fb:124 ccm fir\r\na=rtcp-fb:124 nack\r\na=rtcp-fb:124 nack pli\r\na=fmtp:124 level-asymmetry-allowed=1;packetization-mode=1;profile-level-id=4d0032\r\na=rtpmap:120 rtx/90000\r\na=fmtp:120 apt=124\r\na=rtpmap:123 H264/90000\r\na=rtcp-fb:123 goog-remb\r\na=rtcp-fb:123 transport-cc\r\na=rtcp-fb:123 ccm fir\r\na=rtcp-fb:123 nack\r\na=rtcp-fb:123 nack pli\r\na=fmtp:123 level-asymmetry-allowed=1;packetization-mode=1;profile-level-id=640032\r\na=rtpmap:119 rtx/90000\r\na=fmtp:119 apt=123\r\na=rtpmap:114 red/90000\r\na=rtpmap:115 rtx/90000\r\na=fmtp:115 apt=114\r\na=rtpmap:116 ulpfec/90000\r\na=ssrc-group:FID 4033940227 3764410357\r\na=ssrc:4033940227 cname:bJb9maOmthukYqPm\r\na=ssrc:3764410357 cname:bJb9maOmthukYqPm\r\nm=video 9 UDP/TLS/RTP/SAVPF 96 97 98 99 100 101 102 122 127 121 125 107 108 109 124 120 123 119 114 115 116\r\nc=IN IP4 0.0.0.0\r\na=rtcp:9 IN IP4 0.0.0.0\r\na=ice-ufrag:ddcX\r\na=ice-pwd:R2dKIYKVSRsw0id5ZYp9VbH2\r\na=ice-options:trickle\r\na=fingerprint:sha-256 AD:F1:59:C1:EA:A9:B9:D3:1E:03:56:EB:0C:40:B9:B6:96:96:F6:48:0A:99:CD:69:D7:B1:71:5C:32:FD:F5:4C\r\na=setup:passive\r\na=mid:1\r\na=extmap:14 urn:ietf:params:rtp-hdrext:toffset\r\na=extmap:13 http://www.webrtc.org/experiments/rtp-hdrext/abs-send-time\r\na=extmap:12 urn:3gpp:video-orientation\r\na=extmap:2 http://www.ietf.org/id/draft-holmer-rmcat-transport-wide-cc-extensions-01\r\na=extmap:11 http://www.webrtc.org/experiments/rtp-hdrext/playout-delay\r\na=extmap:6 http://www.webrtc.org/experiments/rtp-hdrext/video-content-type\r\na=extmap:7 http://www.webrtc.org/experiments/rtp-hdrext/video-timing\r\na=extmap:8 http://tools.ietf.org/html/draft-ietf-avtext-framemarking-07\r\na=extmap:9 http://www.webrtc.org/experiments/rtp-hdrext/color-space\r\na=extmap:3 urn:ietf:params:rtp-hdrext:sdes:mid\r\na=extmap:4 urn:ietf:params:rtp-hdrext:sdes:rtp-stream-id\r\na=extmap:5 urn:ietf:params:rtp-hdrext:sdes:repaired-rtp-stream-id\r\na=sendrecv\r\na=msid:1FD4wkVTmdFml8AhWjIwpLVr8OpL9EKNA5rb 7445a985-f9ab-44df-a6f5-e7a9e91d7644\r\na=rtcp-mux\r\na=rtcp-rsize\r\na=rtpmap:96 VP8/90000\r\na=rtcp-fb:96 goog-remb\r\na=rtcp-fb:96 transport-cc\r\na=rtcp-fb:96 ccm fir\r\na=rtcp-fb:96 nack\r\na=rtcp-fb:96 nack pli\r\na=rtpmap:97 rtx/90000\r\na=fmtp:97 apt=96\r\na=rtpmap:98 VP9/90000\r\na=rtcp-fb:98 goog-remb\r\na=rtcp-fb:98 transport-cc\r\na=rtcp-fb:98 ccm fir\r\na=rtcp-fb:98 nack\r\na=rtcp-fb:98 nack pli\r\na=fmtp:98 profile-id=0\r\na=rtpmap:99 rtx/90000\r\na=fmtp:99 apt=98\r\na=rtpmap:100 VP9/90000\r\na=rtcp-fb:100 goog-remb\r\na=rtcp-fb:100 transport-cc\r\na=rtcp-fb:100 ccm fir\r\na=rtcp-fb:100 nack\r\na=rtcp-fb:100 nack pli\r\na=fmtp:100 profile-id=2\r\na=rtpmap:101 rtx/90000\r\na=fmtp:101 apt=100\r\na=rtpmap:102 H264/90000\r\na=rtcp-fb:102 goog-remb\r\na=rtcp-fb:102 transport-cc\r\na=rtcp-fb:102 ccm fir\r\na=rtcp-fb:102 nack\r\na=rtcp-fb:102 nack pli\r\na=fmtp:102 level-asymmetry-allowed=1;packetization-mode=1;profile-level-id=42001f\r\na=rtpmap:122 rtx/90000\r\na=fmtp:122 apt=102\r\na=rtpmap:127 H264/90000\r\na=rtcp-fb:127 goog-remb\r\na=rtcp-fb:127 transport-cc\r\na=rtcp-fb:127 ccm fir\r\na=rtcp-fb:127 nack\r\na=rtcp-fb:127 nack pli\r\na=fmtp:127 level-asymmetry-allowed=1;packetization-mode=0;profile-level-id=42001f\r\na=rtpmap:121 rtx/90000\r\na=fmtp:121 apt=127\r\na=rtpmap:125 H264/90000\r\na=rtcp-fb:125 goog-remb\r\na=rtcp-fb:125 transport-cc\r\na=rtcp-fb:125 ccm fir\r\na=rtcp-fb:125 nack\r\na=rtcp-fb:125 nack pli\r\na=fmtp:125 level-asymmetry-allowed=1;packetization-mode=1;profile-level-id=42e01f\r\na=rtpmap:107 rtx/90000\r\na=fmtp:107 apt=125\r\na=rtpmap:108 H264/90000\r\na=rtcp-fb:108 goog-remb\r\na=rtcp-fb:108 transport-cc\r\na=rtcp-fb:108 ccm fir\r\na=rtcp-fb:108 nack\r\na=rtcp-fb:108 nack pli\r\na=fmtp:108 level-asymmetry-allowed=1;packetization-mode=0;profile-level-id=42e01f\r\na=rtpmap:109 rtx/90000\r\na=fmtp:109 apt=108\r\na=rtpmap:124 H264/90000\r\na=rtcp-fb:124 goog-remb\r\na=rtcp-fb:124 transport-cc\r\na=rtcp-fb:124 ccm fir\r\na=rtcp-fb:124 nack\r\na=rtcp-fb:124 nack pli\r\na=fmtp:124 level-asymmetry-allowed=1;packetization-mode=1;profile-level-id=4d0032\r\na=rtpmap:120 rtx/90000\r\na=fmtp:120 apt=124\r\na=rtpmap:123 H264/90000\r\na=rtcp-fb:123 goog-remb\r\na=rtcp-fb:123 transport-cc\r\na=rtcp-fb:123 ccm fir\r\na=rtcp-fb:123 nack\r\na=rtcp-fb:123 nack pli\r\na=fmtp:123 level-asymmetry-allowed=1;packetization-mode=1;profile-level-id=640032\r\na=rtpmap:119 rtx/90000\r\na=fmtp:119 apt=123\r\na=rtpmap:114 red/90000\r\na=rtpmap:115 rtx/90000\r\na=fmtp:115 apt=114\r\na=rtpmap:116 ulpfec/90000\r\na=ssrc-group:FID 2729909054 1721532512\r\na=ssrc:2729909054 cname:bJb9maOmthukYqPm\r\na=ssrc:1721532512 cname:bJb9maOmthukYqPm\r\n"}}}
2020-02-22 18:11:53,670 - INFO - Flask.py - test - 85 - test page
2020-02-22 18:11:53,676 - INFO - wsgi.py - _log - 196 - 200 GET /test (::1) 6.98ms
2020-02-22 18:11:53,726 - WARNING - iostream.py - _do_ssl_handshake - 1407 - SSL Error on 1260 ('::1', 18415, 0, 0): [SSL: SSLV3_ALERT_CERTIFICATE_UNKNOWN] sslv3 alert certificate unknown (_ssl.c:847)
2020-02-22 18:11:56,444 - INFO - Flask.py - test - 85 - test page
2020-02-22 18:11:56,446 - INFO - wsgi.py - _log - 196 - 200 GET /test (::1) 1.99ms
2020-02-22 18:11:56,471 - WARNING - iostream.py - _do_ssl_handshake - 1407 - SSL Error on 1260 ('::1', 18420, 0, 0): [SSL: SSLV3_ALERT_CERTIFICATE_UNKNOWN] sslv3 alert certificate unknown (_ssl.c:847)
2020-02-22 18:12:05,708 - WARNING - iostream.py - _do_ssl_handshake - 1407 - SSL Error on 1264 ('192.168.1.8', 18437): [SSL: SSLV3_ALERT_CERTIFICATE_UNKNOWN] sslv3 alert certificate unknown (_ssl.c:847)
2020-02-22 18:12:05,732 - INFO - web.py - log_request - 2246 - 101 GET / (192.168.1.8) 1.01ms
2020-02-22 18:12:05,733 - INFO - Flask.py - open - 131 - client connect <__main__.webRTCServer object at 0x0000027FEE02F400>
2020-02-22 18:12:06,384 - INFO - Flask.py - on_message - 138 - {"msgType":"signin","msgFrom":"123123","msgTo":null,"msgData":null}
2020-02-22 18:12:08,407 - WARNING - iostream.py - _do_ssl_handshake - 1407 - SSL Error on 1272 ('192.168.1.8', 18442): [SSL: SSLV3_ALERT_CERTIFICATE_UNKNOWN] sslv3 alert certificate unknown (_ssl.c:847)
2020-02-22 18:12:08,439 - INFO - web.py - log_request - 2246 - 101 GET / (192.168.1.8) 1.00ms
2020-02-22 18:12:08,440 - INFO - Flask.py - open - 131 - client connect <__main__.webRTCServer object at 0x0000027FEE02F780>
2020-02-22 18:12:10,629 - INFO - Flask.py - on_message - 138 - {"msgType":"signin","msgFrom":"456456","msgTo":null,"msgData":null}
2020-02-22 18:12:19,220 - INFO - Flask.py - on_message - 138 - {"msgType":"getUserList","msgFrom":"456456","msgTo":null,"msgData":null}
2020-02-22 18:12:24,382 - INFO - Flask.py - on_message - 138 - {"msgType":"video-offer","msgFrom":"456456","msgTo":"123123","msgData":{"callerID":"456456","calleeID":"123123","type":"video-offer","SDP":{"type":"offer","sdp":"v=0\r\no=- 8833986620724558959 2 IN IP4 127.0.0.1\r\ns=-\r\nt=0 0\r\na=group:BUNDLE 0\r\na=msid-semantic: WMS GSJ1yEB8D9AOSFR1YpDr7dQfv5cwMgJzOry7\r\nm=video 9 UDP/TLS/RTP/SAVPF 96 97 98 99 100 101 102 122 127 121 125 107 108 109 124 120 123 119 114 115 116\r\nc=IN IP4 0.0.0.0\r\na=rtcp:9 IN IP4 0.0.0.0\r\na=ice-ufrag:daD8\r\na=ice-pwd:QDoCK0aOw1+8K/ErIok7TLAu\r\na=ice-options:trickle\r\na=fingerprint:sha-256 DD:CA:54:7F:FC:06:4D:9B:EE:77:6A:4A:FB:B6:25:E0:D3:A3:C6:B9:62:FB:E2:91:A9:F3:CB:33:4A:1C:D1:98\r\na=setup:actpass\r\na=mid:0\r\na=extmap:14 urn:ietf:params:rtp-hdrext:toffset\r\na=extmap:13 http://www.webrtc.org/experiments/rtp-hdrext/abs-send-time\r\na=extmap:12 urn:3gpp:video-orientation\r\na=extmap:2 http://www.ietf.org/id/draft-holmer-rmcat-transport-wide-cc-extensions-01\r\na=extmap:11 http://www.webrtc.org/experiments/rtp-hdrext/playout-delay\r\na=extmap:6 http://www.webrtc.org/experiments/rtp-hdrext/video-content-type\r\na=extmap:7 http://www.webrtc.org/experiments/rtp-hdrext/video-timing\r\na=extmap:8 http://tools.ietf.org/html/draft-ietf-avtext-framemarking-07\r\na=extmap:9 http://www.webrtc.org/experiments/rtp-hdrext/color-space\r\na=extmap:3 urn:ietf:params:rtp-hdrext:sdes:mid\r\na=extmap:4 urn:ietf:params:rtp-hdrext:sdes:rtp-stream-id\r\na=extmap:5 urn:ietf:params:rtp-hdrext:sdes:repaired-rtp-stream-id\r\na=sendrecv\r\na=msid:GSJ1yEB8D9AOSFR1YpDr7dQfv5cwMgJzOry7 cca901a9-d18e-4e99-ad3f-6f9121e8ea37\r\na=rtcp-mux\r\na=rtcp-rsize\r\na=rtpmap:96 VP8/90000\r\na=rtcp-fb:96 goog-remb\r\na=rtcp-fb:96 transport-cc\r\na=rtcp-fb:96 ccm fir\r\na=rtcp-fb:96 nack\r\na=rtcp-fb:96 nack pli\r\na=rtpmap:97 rtx/90000\r\na=fmtp:97 apt=96\r\na=rtpmap:98 VP9/90000\r\na=rtcp-fb:98 goog-remb\r\na=rtcp-fb:98 transport-cc\r\na=rtcp-fb:98 ccm fir\r\na=rtcp-fb:98 nack\r\na=rtcp-fb:98 nack pli\r\na=fmtp:98 profile-id=0\r\na=rtpmap:99 rtx/90000\r\na=fmtp:99 apt=98\r\na=rtpmap:100 VP9/90000\r\na=rtcp-fb:100 goog-remb\r\na=rtcp-fb:100 transport-cc\r\na=rtcp-fb:100 ccm fir\r\na=rtcp-fb:100 nack\r\na=rtcp-fb:100 nack pli\r\na=fmtp:100 profile-id=2\r\na=rtpmap:101 rtx/90000\r\na=fmtp:101 apt=100\r\na=rtpmap:102 H264/90000\r\na=rtcp-fb:102 goog-remb\r\na=rtcp-fb:102 transport-cc\r\na=rtcp-fb:102 ccm fir\r\na=rtcp-fb:102 nack\r\na=rtcp-fb:102 nack pli\r\na=fmtp:102 level-asymmetry-allowed=1;packetization-mode=1;profile-level-id=42001f\r\na=rtpmap:122 rtx/90000\r\na=fmtp:122 apt=102\r\na=rtpmap:127 H264/90000\r\na=rtcp-fb:127 goog-remb\r\na=rtcp-fb:127 transport-cc\r\na=rtcp-fb:127 ccm fir\r\na=rtcp-fb:127 nack\r\na=rtcp-fb:127 nack pli\r\na=fmtp:127 level-asymmetry-allowed=1;packetization-mode=0;profile-level-id=42001f\r\na=rtpmap:121 rtx/90000\r\na=fmtp:121 apt=127\r\na=rtpmap:125 H264/90000\r\na=rtcp-fb:125 goog-remb\r\na=rtcp-fb:125 transport-cc\r\na=rtcp-fb:125 ccm fir\r\na=rtcp-fb:125 nack\r\na=rtcp-fb:125 nack pli\r\na=fmtp:125 level-asymmetry-allowed=1;packetization-mode=1;profile-level-id=42e01f\r\na=rtpmap:107 rtx/90000\r\na=fmtp:107 apt=125\r\na=rtpmap:108 H264/90000\r\na=rtcp-fb:108 goog-remb\r\na=rtcp-fb:108 transport-cc\r\na=rtcp-fb:108 ccm fir\r\na=rtcp-fb:108 nack\r\na=rtcp-fb:108 nack pli\r\na=fmtp:108 level-asymmetry-allowed=1;packetization-mode=0;profile-level-id=42e01f\r\na=rtpmap:109 rtx/90000\r\na=fmtp:109 apt=108\r\na=rtpmap:124 H264/90000\r\na=rtcp-fb:124 goog-remb\r\na=rtcp-fb:124 transport-cc\r\na=rtcp-fb:124 ccm fir\r\na=rtcp-fb:124 nack\r\na=rtcp-fb:124 nack pli\r\na=fmtp:124 level-asymmetry-allowed=1;packetization-mode=1;profile-level-id=4d0032\r\na=rtpmap:120 rtx/90000\r\na=fmtp:120 apt=124\r\na=rtpmap:123 H264/90000\r\na=rtcp-fb:123 goog-remb\r\na=rtcp-fb:123 transport-cc\r\na=rtcp-fb:123 ccm fir\r\na=rtcp-fb:123 nack\r\na=rtcp-fb:123 nack pli\r\na=fmtp:123 level-asymmetry-allowed=1;packetization-mode=1;profile-level-id=640032\r\na=rtpmap:119 rtx/90000\r\na=fmtp:119 apt=123\r\na=rtpmap:114 red/90000\r\na=rtpmap:115 rtx/90000\r\na=fmtp:115 apt=114\r\na=rtpmap:116 ulpfec/90000\r\na=ssrc-group:FID 102803496 2656407173\r\na=ssrc:102803496 cname:fyQjw/Ih9jg7wKgP\r\na=ssrc:102803496 msid:GSJ1yEB8D9AOSFR1YpDr7dQfv5cwMgJzOry7 cca901a9-d18e-4e99-ad3f-6f9121e8ea37\r\na=ssrc:102803496 mslabel:GSJ1yEB8D9AOSFR1YpDr7dQfv5cwMgJzOry7\r\na=ssrc:102803496 label:cca901a9-d18e-4e99-ad3f-6f9121e8ea37\r\na=ssrc:2656407173 cname:fyQjw/Ih9jg7wKgP\r\na=ssrc:2656407173 msid:GSJ1yEB8D9AOSFR1YpDr7dQfv5cwMgJzOry7 cca901a9-d18e-4e99-ad3f-6f9121e8ea37\r\na=ssrc:2656407173 mslabel:GSJ1yEB8D9AOSFR1YpDr7dQfv5cwMgJzOry7\r\na=ssrc:2656407173 label:cca901a9-d18e-4e99-ad3f-6f9121e8ea37\r\n"}}}
2020-02-22 18:12:25,295 - INFO - Flask.py - on_message - 138 - {"msgType":"video-answer","msgFrom":"123123","msgTo":"456456","msgData":{"callerID":"456456","calleeID":"123123","type":"video-answer","SDP":{"type":"answer","sdp":"v=0\r\no=- 6897874315704553899 2 IN IP4 127.0.0.1\r\ns=-\r\nt=0 0\r\na=group:BUNDLE 0\r\na=msid-semantic: WMS JBiOfNihqXvhjzu57VoAVxykr1z2I9uZptR4\r\nm=video 9 UDP/TLS/RTP/SAVPF 96 97 98 99 100 101 102 122 127 121 125 107 108 109 124 120 123 119 114 115 116\r\nc=IN IP4 0.0.0.0\r\na=rtcp:9 IN IP4 0.0.0.0\r\na=ice-ufrag:Kj7A\r\na=ice-pwd:++2Or4P3lgkg69SDzMvXVDv8\r\na=ice-options:trickle\r\na=fingerprint:sha-256 C6:8C:02:67:05:A8:59:45:3F:DF:D1:CA:0E:72:E1:63:D0:A1:5F:28:9D:3A:C9:B7:9C:91:96:25:8D:37:E4:93\r\na=setup:active\r\na=mid:0\r\na=extmap:14 urn:ietf:params:rtp-hdrext:toffset\r\na=extmap:13 http://www.webrtc.org/experiments/rtp-hdrext/abs-send-time\r\na=extmap:12 urn:3gpp:video-orientation\r\na=extmap:2 http://www.ietf.org/id/draft-holmer-rmcat-transport-wide-cc-extensions-01\r\na=extmap:11 http://www.webrtc.org/experiments/rtp-hdrext/playout-delay\r\na=extmap:6 http://www.webrtc.org/experiments/rtp-hdrext/video-content-type\r\na=extmap:7 http://www.webrtc.org/experiments/rtp-hdrext/video-timing\r\na=extmap:8 http://tools.ietf.org/html/draft-ietf-avtext-framemarking-07\r\na=extmap:9 http://www.webrtc.org/experiments/rtp-hdrext/color-space\r\na=extmap:3 urn:ietf:params:rtp-hdrext:sdes:mid\r\na=extmap:4 urn:ietf:params:rtp-hdrext:sdes:rtp-stream-id\r\na=extmap:5 urn:ietf:params:rtp-hdrext:sdes:repaired-rtp-stream-id\r\na=sendrecv\r\na=msid:JBiOfNihqXvhjzu57VoAVxykr1z2I9uZptR4 ecaeb472-cbc8-4adb-b445-bd1abfdee502\r\na=rtcp-mux\r\na=rtcp-rsize\r\na=rtpmap:96 VP8/90000\r\na=rtcp-fb:96 goog-remb\r\na=rtcp-fb:96 transport-cc\r\na=rtcp-fb:96 ccm fir\r\na=rtcp-fb:96 nack\r\na=rtcp-fb:96 nack pli\r\na=rtpmap:97 rtx/90000\r\na=fmtp:97 apt=96\r\na=rtpmap:98 VP9/90000\r\na=rtcp-fb:98 goog-remb\r\na=rtcp-fb:98 transport-cc\r\na=rtcp-fb:98 ccm fir\r\na=rtcp-fb:98 nack\r\na=rtcp-fb:98 nack pli\r\na=fmtp:98 profile-id=0\r\na=rtpmap:99 rtx/90000\r\na=fmtp:99 apt=98\r\na=rtpmap:100 VP9/90000\r\na=rtcp-fb:100 goog-remb\r\na=rtcp-fb:100 transport-cc\r\na=rtcp-fb:100 ccm fir\r\na=rtcp-fb:100 nack\r\na=rtcp-fb:100 nack pli\r\na=fmtp:100 profile-id=2\r\na=rtpmap:101 rtx/90000\r\na=fmtp:101 apt=100\r\na=rtpmap:102 H264/90000\r\na=rtcp-fb:102 goog-remb\r\na=rtcp-fb:102 transport-cc\r\na=rtcp-fb:102 ccm fir\r\na=rtcp-fb:102 nack\r\na=rtcp-fb:102 nack pli\r\na=fmtp:102 level-asymmetry-allowed=1;packetization-mode=1;profile-level-id=42001f\r\na=rtpmap:122 rtx/90000\r\na=fmtp:122 apt=102\r\na=rtpmap:127 H264/90000\r\na=rtcp-fb:127 goog-remb\r\na=rtcp-fb:127 transport-cc\r\na=rtcp-fb:127 ccm fir\r\na=rtcp-fb:127 nack\r\na=rtcp-fb:127 nack pli\r\na=fmtp:127 level-asymmetry-allowed=1;packetization-mode=0;profile-level-id=42001f\r\na=rtpmap:121 rtx/90000\r\na=fmtp:121 apt=127\r\na=rtpmap:125 H264/90000\r\na=rtcp-fb:125 goog-remb\r\na=rtcp-fb:125 transport-cc\r\na=rtcp-fb:125 ccm fir\r\na=rtcp-fb:125 nack\r\na=rtcp-fb:125 nack pli\r\na=fmtp:125 level-asymmetry-allowed=1;packetization-mode=1;profile-level-id=42e01f\r\na=rtpmap:107 rtx/90000\r\na=fmtp:107 apt=125\r\na=rtpmap:108 H264/90000\r\na=rtcp-fb:108 goog-remb\r\na=rtcp-fb:108 transport-cc\r\na=rtcp-fb:108 ccm fir\r\na=rtcp-fb:108 nack\r\na=rtcp-fb:108 nack pli\r\na=fmtp:108 level-asymmetry-allowed=1;packetization-mode=0;profile-level-id=42e01f\r\na=rtpmap:109 rtx/90000\r\na=fmtp:109 apt=108\r\na=rtpmap:124 H264/90000\r\na=rtcp-fb:124 goog-remb\r\na=rtcp-fb:124 transport-cc\r\na=rtcp-fb:124 ccm fir\r\na=rtcp-fb:124 nack\r\na=rtcp-fb:124 nack pli\r\na=fmtp:124 level-asymmetry-allowed=1;packetization-mode=1;profile-level-id=4d0032\r\na=rtpmap:120 rtx/90000\r\na=fmtp:120 apt=124\r\na=rtpmap:123 H264/90000\r\na=rtcp-fb:123 goog-remb\r\na=rtcp-fb:123 transport-cc\r\na=rtcp-fb:123 ccm fir\r\na=rtcp-fb:123 nack\r\na=rtcp-fb:123 nack pli\r\na=fmtp:123 level-asymmetry-allowed=1;packetization-mode=1;profile-level-id=640032\r\na=rtpmap:119 rtx/90000\r\na=fmtp:119 apt=123\r\na=rtpmap:114 red/90000\r\na=rtpmap:115 rtx/90000\r\na=fmtp:115 apt=114\r\na=rtpmap:116 ulpfec/90000\r\na=ssrc-group:FID 178224512 1713379118\r\na=ssrc:178224512 cname:ylsk+2dz1Zm/ECoe\r\na=ssrc:1713379118 cname:ylsk+2dz1Zm/ECoe\r\n"}}}
